<?xml version="1.0" encoding="UTF-8"?>
<testsuite name="utils.ConfigTest" tests="6" skipped="0" failures="0" errors="0" timestamp="2020-10-20T11:32:54" hostname="ADAJ-L" time="0.002">
  <properties/>
  <testcase name="setVerbose" classname="utils.ConfigTest" time="0.001"/>
  <testcase name="isVerbose" classname="utils.ConfigTest" time="0.0"/>
  <testcase name="getPort" classname="utils.ConfigTest" time="0.0"/>
  <testcase name="setRootPath" classname="utils.ConfigTest" time="0.001"/>
  <testcase name="getRootPath" classname="utils.ConfigTest" time="0.0"/>
  <testcase name="setPort" classname="utils.ConfigTest" time="0.0"/>
  <system-out><![CDATA[]]></system-out>
  <system-err><![CDATA[]]></system-err>
</testsuite>
